# JRE version: OpenJDK Runtime Environment JBR-17.0.14+1-1367.22-nomod (17.0.14+1) (build 17.0.14+1-b1367.22)
# Java VM: OpenJDK 64-Bit Server VM JBR-17.0.14+1-1367.22-nomod (17.0.14+1-b1367.22, mixed mode, sharing, tiered, compressed oops, compressed class ptrs, g1 gc, windows-amd64)
GC Precious Log:
 CPUs: 8 total, 8 available
 Memory: 7455M
 Large Page Support: Disabled
 NUMA Support: Disabled
 Compressed Oops: Enabled (32-bit)
 Heap Region Size: 1M
 Heap Min Capacity: 8M
 Heap Initial Capacity: 118M
 Heap Max Capacity: 1864M
 Pre-touch: Disabled
 Parallel Workers: 8
 Concurrent Workers: 2
 Concurrent Refinement Workers: 8
 Periodic GC: Disabled
Heap:
 garbage-first heap   total 98304K, used 74716K [0x000000008b800000, 0x0000000100000000)
  region size 1024K, 29 young (29696K), 4 survivors (4096K)
 Metaspace       used 52729K, committed 53056K, reserved 1114112K
  class space    used 6234K, committed 6400K, reserved 1048576K
GC Heap History (20 events):
Event: 1.749 GC heap before
{Heap before GC invocations=4 (full 0):
 garbage-first heap   total 45056K, used 34928K [0x000000008b800000, 0x0000000100000000)
  region size 1024K, 27 young (27648K), 5 survivors (5120K)
 Metaspace       used 23109K, committed 23296K, reserved 1114112K
  class space    used 3273K, committed 3328K, reserved 1048576K
}
Event: 1.764 GC heap after
{Heap after GC invocations=5 (full 0):
 garbage-first heap   total 47104K, used 18447K [0x000000008b800000, 0x0000000100000000)
  region size 1024K, 9 young (9216K), 9 survivors (9216K)
 Metaspace       used 23109K, committed 23296K, reserved 1114112K
  class space    used 3273K, committed 3328K, reserved 1048576K
}
Event: 1.776 GC heap before
{Heap before GC invocations=5 (full 0):
 garbage-first heap   total 47104K, used 19471K [0x000000008b800000, 0x0000000100000000)
  region size 1024K, 10 young (10240K), 9 survivors (9216K)
 Metaspace       used 23342K, committed 23552K, reserved 1114112K
  class space    used 3303K, committed 3392K, reserved 1048576K
}
Event: 1.785 GC heap after
{Heap after GC invocations=6 (full 0):
 garbage-first heap   total 47104K, used 19542K [0x000000008b800000, 0x0000000100000000)
  region size 1024K, 1 young (1024K), 1 survivors (1024K)
 Metaspace       used 23342K, committed 23552K, reserved 1114112K
  class space    used 3303K, committed 3392K, reserved 1048576K
}
Event: 1.971 GC heap before
{Heap before GC invocations=6 (full 0):
 garbage-first heap   total 47104K, used 32854K [0x000000008b800000, 0x0000000100000000)
  region size 1024K, 15 young (15360K), 1 survivors (1024K)
 Metaspace       used 26887K, committed 27072K, reserved 1114112K
  class space    used 3711K, committed 3776K, reserved 1048576K
}
Event: 1.974 GC heap after
{Heap after GC invocations=7 (full 0):
 garbage-first heap   total 95232K, used 18265K [0x000000008b800000, 0x0000000100000000)
  region size 1024K, 2 young (2048K), 2 survivors (2048K)
 Metaspace       used 26887K, committed 27072K, reserved 1114112K
  class space    used 3711K, committed 3776K, reserved 1048576K
}
Event: 2.529 GC heap before
{Heap before GC invocations=7 (full 0):
 garbage-first heap   total 95232K, used 60249K [0x000000008b800000, 0x0000000100000000)
  region size 1024K, 44 young (45056K), 2 survivors (2048K)
 Metaspace       used 35737K, committed 35968K, reserved 1114112K
  class space    used 4600K, committed 4736K, reserved 1048576K
}
Event: 2.536 GC heap after
{Heap after GC invocations=8 (full 0):
 garbage-first heap   total 95232K, used 21750K [0x000000008b800000, 0x0000000100000000)
  region size 1024K, 6 young (6144K), 6 survivors (6144K)
 Metaspace       used 35737K, committed 35968K, reserved 1114112K
  class space    used 4600K, committed 4736K, reserved 1048576K
}
Event: 3.325 GC heap before
{Heap before GC invocations=9 (full 0):
 garbage-first heap   total 81920K, used 64758K [0x000000008b800000, 0x0000000100000000)
  region size 1024K, 47 young (48128K), 6 survivors (6144K)
 Metaspace       used 41648K, committed 41920K, reserved 1114112K
  class space    used 5275K, committed 5376K, reserved 1048576K
}
Event: 3.337 GC heap after
{Heap after GC invocations=10 (full 0):
 garbage-first heap   total 81920K, used 30312K [0x000000008b800000, 0x0000000100000000)
  region size 1024K, 6 young (6144K), 6 survivors (6144K)
 Metaspace       used 41648K, committed 41920K, reserved 1114112K
  class space    used 5275K, committed 5376K, reserved 1048576K
}
Event: 3.977 GC heap before
{Heap before GC invocations=10 (full 0):
 garbage-first heap   total 81920K, used 61032K [0x000000008b800000, 0x0000000100000000)
  region size 1024K, 35 young (35840K), 6 survivors (6144K)
 Metaspace       used 44416K, committed 44672K, reserved 1114112K
  class space    used 5504K, committed 5632K, reserved 1048576K
}
Event: 3.991 GC heap after
{Heap after GC invocations=11 (full 0):
 garbage-first heap   total 81920K, used 35726K [0x000000008b800000, 0x0000000100000000)
  region size 1024K, 5 young (5120K), 5 survivors (5120K)
 Metaspace       used 44416K, committed 44672K, reserved 1114112K
  class space    used 5504K, committed 5632K, reserved 1048576K
}
Event: 4.257 GC heap before
{Heap before GC invocations=11 (full 0):
 garbage-first heap   total 81920K, used 61326K [0x000000008b800000, 0x0000000100000000)
  region size 1024K, 30 young (30720K), 5 survivors (5120K)
 Metaspace       used 44761K, committed 44992K, reserved 1114112K
  class space    used 5507K, committed 5632K, reserved 1048576K
}
Event: 4.268 GC heap after
{Heap after GC invocations=12 (full 0):
 garbage-first heap   total 98304K, used 37404K [0x000000008b800000, 0x0000000100000000)
  region size 1024K, 3 young (3072K), 3 survivors (3072K)
 Metaspace       used 44761K, committed 44992K, reserved 1114112K
  class space    used 5507K, committed 5632K, reserved 1048576K
}
Event: 4.902 GC heap before
{Heap before GC invocations=12 (full 0):
 garbage-first heap   total 98304K, used 74268K [0x000000008b800000, 0x0000000100000000)
  region size 1024K, 39 young (39936K), 3 survivors (3072K)
 Metaspace       used 46168K, committed 46400K, reserved 1114112K
  class space    used 5658K, committed 5760K, reserved 1048576K
}
Event: 4.916 GC heap after
{Heap after GC invocations=13 (full 0):
 garbage-first heap   total 98304K, used 42892K [0x000000008b800000, 0x0000000100000000)
  region size 1024K, 5 young (5120K), 5 survivors (5120K)
 Metaspace       used 46168K, committed 46400K, reserved 1114112K
  class space    used 5658K, committed 5760K, reserved 1048576K
}
Event: 6.237 GC heap before
{Heap before GC invocations=13 (full 0):
 garbage-first heap   total 98304K, used 75660K [0x000000008b800000, 0x0000000100000000)
  region size 1024K, 36 young (36864K), 5 survivors (5120K)
 Metaspace       used 49901K, committed 50176K, reserved 1114112K
  class space    used 6078K, committed 6208K, reserved 1048576K
}
Event: 6.251 GC heap after
{Heap after GC invocations=14 (full 0):
 garbage-first heap   total 98304K, used 48084K [0x000000008b800000, 0x0000000100000000)
  region size 1024K, 4 young (4096K), 4 survivors (4096K)
 Metaspace       used 49901K, committed 50176K, reserved 1114112K
  class space    used 6078K, committed 6208K, reserved 1048576K
}
Event: 7.141 GC heap before
{Heap before GC invocations=14 (full 0):
 garbage-first heap   total 98304K, used 75732K [0x000000008b800000, 0x0000000100000000)
  region size 1024K, 31 young (31744K), 4 survivors (4096K)
 Metaspace       used 51655K, committed 51968K, reserved 1114112K
  class space    used 6215K, committed 6336K, reserved 1048576K
}
Event: 7.154 GC heap after
{Heap after GC invocations=15 (full 0):
 garbage-first heap   total 98304K, used 51164K [0x000000008b800000, 0x0000000100000000)
  region size 1024K, 4 young (4096K), 4 survivors (4096K)
 Metaspace       used 51655K, committed 51968K, reserved 1114112K
  class space    used 6215K, committed 6336K, reserved 1048576K
}

