# JRE version: OpenJDK Runtime Environment JBR-17.0.14+1-1367.22-nomod (17.0.14+1) (build 17.0.14+1-b1367.22)
# Java VM: OpenJDK 64-Bit Server VM JBR-17.0.14+1-1367.22-nomod (17.0.14+1-b1367.22, mixed mode, sharing, tiered, compressed oops, compressed class ptrs, g1 gc, windows-amd64)
GC Precious Log:
 CPUs: 8 total, 8 available
 Memory: 7455M
 Large Page Support: Disabled
 NUMA Support: Disabled
 Compressed Oops: Enabled (32-bit)
 Heap Region Size: 1M
 Heap Min Capacity: 8M
 Heap Initial Capacity: 118M
 Heap Max Capacity: 1864M
 Pre-touch: Disabled
 Parallel Workers: 8
 Concurrent Workers: 2
 Concurrent Refinement Workers: 8
 Periodic GC: Disabled
Heap:
 garbage-first heap   total 81920K, used 60321K [0x000000008b800000, 0x0000000100000000)
  region size 1024K, 30 young (30720K), 5 survivors (5120K)
 Metaspace       used 44613K, committed 44864K, reserved 1114112K
  class space    used 5506K, committed 5632K, reserved 1048576K
GC Heap History (18 events):
Event: 0.479 GC heap before
{Heap before GC invocations=0 (full 0):
 garbage-first heap   total 120832K, used 27648K [0x000000008b800000, 0x0000000100000000)
  region size 1024K, 23 young (23552K), 0 survivors (0K)
 Metaspace       used 6713K, committed 6848K, reserved 1114112K
  class space    used 707K, committed 768K, reserved 1048576K
}
Event: 0.482 GC heap after
{Heap after GC invocations=1 (full 0):
 garbage-first heap   total 120832K, used 6912K [0x000000008b800000, 0x0000000100000000)
  region size 1024K, 3 young (3072K), 3 survivors (3072K)
 Metaspace       used 6713K, committed 6848K, reserved 1114112K
  class space    used 707K, committed 768K, reserved 1048576K
}
Event: 1.063 GC heap before
{Heap before GC invocations=1 (full 0):
 garbage-first heap   total 120832K, used 39680K [0x000000008b800000, 0x0000000100000000)
  region size 1024K, 35 young (35840K), 3 survivors (3072K)
 Metaspace       used 14072K, committed 14208K, reserved 1114112K
  class space    used 1668K, committed 1728K, reserved 1048576K
}
Event: 1.072 GC heap after
{Heap after GC invocations=2 (full 0):
 garbage-first heap   total 120832K, used 10494K [0x000000008b800000, 0x0000000100000000)
  region size 1024K, 4 young (4096K), 4 survivors (4096K)
 Metaspace       used 14072K, committed 14208K, reserved 1114112K
  class space    used 1668K, committed 1728K, reserved 1048576K
}
Event: 1.490 GC heap before
{Heap before GC invocations=2 (full 0):
 garbage-first heap   total 120832K, used 31998K [0x000000008b800000, 0x0000000100000000)
  region size 1024K, 26 young (26624K), 4 survivors (4096K)
 Metaspace       used 21293K, committed 21504K, reserved 1114112K
  class space    used 2894K, committed 3008K, reserved 1048576K
}
Event: 1.497 GC heap after
{Heap after GC invocations=3 (full 0):
 garbage-first heap   total 120832K, used 11681K [0x000000008b800000, 0x0000000100000000)
  region size 1024K, 5 young (5120K), 5 survivors (5120K)
 Metaspace       used 21293K, committed 21504K, reserved 1114112K
  class space    used 2894K, committed 3008K, reserved 1048576K
}
Event: 1.818 GC heap before
{Heap before GC invocations=4 (full 0):
 garbage-first heap   total 45056K, used 35233K [0x000000008b800000, 0x0000000100000000)
  region size 1024K, 27 young (27648K), 5 survivors (5120K)
 Metaspace       used 23083K, committed 23232K, reserved 1114112K
  class space    used 3275K, committed 3328K, reserved 1048576K
}
Event: 1.834 GC heap after
{Heap after GC invocations=5 (full 0):
 garbage-first heap   total 47104K, used 18457K [0x000000008b800000, 0x0000000100000000)
  region size 1024K, 4 young (4096K), 4 survivors (4096K)
 Metaspace       used 23083K, committed 23232K, reserved 1114112K
  class space    used 3275K, committed 3328K, reserved 1048576K
}
Event: 1.858 GC heap before
{Heap before GC invocations=5 (full 0):
 garbage-first heap   total 47104K, used 19481K [0x000000008b800000, 0x0000000100000000)
  region size 1024K, 5 young (5120K), 4 survivors (4096K)
 Metaspace       used 23318K, committed 23488K, reserved 1114112K
  class space    used 3306K, committed 3392K, reserved 1048576K
}
Event: 1.864 GC heap after
{Heap after GC invocations=6 (full 0):
 garbage-first heap   total 47104K, used 19652K [0x000000008b800000, 0x0000000100000000)
  region size 1024K, 1 young (1024K), 1 survivors (1024K)
 Metaspace       used 23318K, committed 23488K, reserved 1114112K
  class space    used 3306K, committed 3392K, reserved 1048576K
}
Event: 2.061 GC heap before
{Heap before GC invocations=6 (full 0):
 garbage-first heap   total 47104K, used 33988K [0x000000008b800000, 0x0000000100000000)
  region size 1024K, 15 young (15360K), 1 survivors (1024K)
 Metaspace       used 26848K, committed 27008K, reserved 1114112K
  class space    used 3712K, committed 3776K, reserved 1048576K
}
Event: 2.065 GC heap after
{Heap after GC invocations=7 (full 0):
 garbage-first heap   total 83968K, used 18667K [0x000000008b800000, 0x0000000100000000)
  region size 1024K, 2 young (2048K), 2 survivors (2048K)
 Metaspace       used 26848K, committed 27008K, reserved 1114112K
  class space    used 3712K, committed 3776K, reserved 1048576K
}
Event: 2.644 GC heap before
{Heap before GC invocations=7 (full 0):
 garbage-first heap   total 83968K, used 59627K [0x000000008b800000, 0x0000000100000000)
  region size 1024K, 43 young (44032K), 2 survivors (2048K)
 Metaspace       used 35733K, committed 35968K, reserved 1114112K
  class space    used 4601K, committed 4736K, reserved 1048576K
}
Event: 2.653 GC heap after
{Heap after GC invocations=8 (full 0):
 garbage-first heap   total 83968K, used 22037K [0x000000008b800000, 0x0000000100000000)
  region size 1024K, 6 young (6144K), 6 survivors (6144K)
 Metaspace       used 35733K, committed 35968K, reserved 1114112K
  class space    used 4601K, committed 4736K, reserved 1048576K
}
Event: 3.427 GC heap before
{Heap before GC invocations=9 (full 0):
 garbage-first heap   total 81920K, used 60949K [0x000000008b800000, 0x0000000100000000)
  region size 1024K, 42 young (43008K), 6 survivors (6144K)
 Metaspace       used 41535K, committed 41728K, reserved 1114112K
  class space    used 5275K, committed 5376K, reserved 1048576K
}
Event: 3.440 GC heap after
{Heap after GC invocations=10 (full 0):
 garbage-first heap   total 81920K, used 30220K [0x000000008b800000, 0x0000000100000000)
  region size 1024K, 6 young (6144K), 6 survivors (6144K)
 Metaspace       used 41535K, committed 41728K, reserved 1114112K
  class space    used 5275K, committed 5376K, reserved 1048576K
}
Event: 4.201 GC heap before
{Heap before GC invocations=10 (full 0):
 garbage-first heap   total 81920K, used 60940K [0x000000008b800000, 0x0000000100000000)
  region size 1024K, 35 young (35840K), 6 survivors (6144K)
 Metaspace       used 44406K, committed 44672K, reserved 1114112K
  class space    used 5504K, committed 5632K, reserved 1048576K
}
Event: 4.215 GC heap after
{Heap after GC invocations=11 (full 0):
 garbage-first heap   total 81920K, used 35745K [0x000000008b800000, 0x0000000100000000)
  region size 1024K, 5 young (5120K), 5 survivors (5120K)
 Metaspace       used 44406K, committed 44672K, reserved 1114112K
  class space    used 5504K, committed 5632K, reserved 1048576K
}

